2021-08-05 08:36:34,046 p=17467 u=ubuntu n=ansible | ERROR! the playbook: micado-master.yml could not be found
2021-08-05 08:36:40,218 p=17469 u=ubuntu n=ansible | [WARNING]: Unable to parse /home/ubuntu/ansible-nfs/hosts.yml as an inventory source

2021-08-05 08:36:40,219 p=17469 u=ubuntu n=ansible | [WARNING]: No inventory was parsed, only implicit localhost is available

2021-08-05 08:36:40,219 p=17469 u=ubuntu n=ansible | [WARNING]: provided hosts list is empty, only localhost is available. Note that the implicit
localhost does not match 'all'

2021-08-05 08:36:40,383 p=17469 u=ubuntu n=ansible | ERROR! the role 'nfs_server/build' was not found in /home/ubuntu/ansible-nfs/roles:/home/ubuntu/.ansible/roles:/usr/share/ansible/roles:/etc/ansible/roles:/home/ubuntu/ansible-nfs

The error appears to be in '/home/ubuntu/ansible-nfs/nfs.yml': line 19, column 5, but may
be elsewhere in the file depending on the exact syntax problem.

The offending line appears to be:

  roles:
  - role: nfs_server/build
    ^ here

2021-08-05 08:38:21,723 p=17472 u=ubuntu n=ansible | [WARNING]: Unable to parse /home/ubuntu/ansible-nfs/hosts.yml as an inventory source

2021-08-05 08:38:21,723 p=17472 u=ubuntu n=ansible | [WARNING]: No inventory was parsed, only implicit localhost is available

2021-08-05 08:38:21,723 p=17472 u=ubuntu n=ansible | [WARNING]: provided hosts list is empty, only localhost is available. Note that the implicit
localhost does not match 'all'

2021-08-05 08:38:21,724 p=17472 u=ubuntu n=ansible |   hosts (0):
2021-08-05 08:38:48,083 p=17484 u=ubuntu n=ansible | [WARNING]: Unable to parse /home/ubuntu/ansible-nfs/hosts.yml as an inventory source

2021-08-05 08:38:48,083 p=17484 u=ubuntu n=ansible | [WARNING]: No inventory was parsed, only implicit localhost is available

2021-08-05 08:38:48,084 p=17484 u=ubuntu n=ansible | [WARNING]: provided hosts list is empty, only localhost is available. Note that the implicit
localhost does not match 'all'

2021-08-05 08:38:48,084 p=17484 u=ubuntu n=ansible |   hosts (0):
2021-08-05 08:39:46,165 p=17496 u=ubuntu n=ansible | ERROR! the role 'nfs_server/build' was not found in /home/ubuntu/ansible-nfs/roles:/home/ubuntu/.ansible/roles:/usr/share/ansible/roles:/etc/ansible/roles:/home/ubuntu/ansible-nfs

The error appears to be in '/home/ubuntu/ansible-nfs/nfs.yml': line 19, column 5, but may
be elsewhere in the file depending on the exact syntax problem.

The offending line appears to be:

  roles:
  - role: nfs_server/build
    ^ here

2021-08-05 08:41:21,639 p=17537 u=ubuntu n=ansible | [WARNING]: Could not match supplied host pattern, ignoring: nfs

2021-08-05 08:41:21,677 p=17537 u=ubuntu n=ansible | PLAY [Deploy NFS server] ********************************************************************
2021-08-05 08:41:21,677 p=17537 u=ubuntu n=ansible | skipping: no hosts matched
2021-08-05 08:41:21,677 p=17537 u=ubuntu n=ansible | PLAY RECAP **********************************************************************************
2021-08-05 08:41:21,677 p=17537 u=ubuntu n=ansible | Playbook run took 0 days, 0 hours, 0 minutes, 0 seconds
2021-08-05 08:41:57,868 p=17557 u=ubuntu n=ansible | [WARNING]: Could not match supplied host pattern, ignoring: nfs

2021-08-05 08:41:57,906 p=17557 u=ubuntu n=ansible | PLAY [Deploy NFS server] ********************************************************************
2021-08-05 08:41:57,906 p=17557 u=ubuntu n=ansible | skipping: no hosts matched
2021-08-05 08:41:57,906 p=17557 u=ubuntu n=ansible | PLAY RECAP **********************************************************************************
2021-08-05 08:41:57,906 p=17557 u=ubuntu n=ansible | Playbook run took 0 days, 0 hours, 0 minutes, 0 seconds
2021-08-05 08:43:50,976 p=17576 u=ubuntu n=ansible | [WARNING]: Could not match supplied host pattern, ignoring: nfs

2021-08-05 08:43:51,012 p=17576 u=ubuntu n=ansible | PLAY [Deploy NFS server] ********************************************************************
2021-08-05 08:43:51,012 p=17576 u=ubuntu n=ansible | skipping: no hosts matched
2021-08-05 08:43:51,013 p=17576 u=ubuntu n=ansible | PLAY RECAP **********************************************************************************
2021-08-05 08:43:51,013 p=17576 u=ubuntu n=ansible | Playbook run took 0 days, 0 hours, 0 minutes, 0 seconds
2021-08-05 08:45:06,399 p=17598 u=ubuntu n=ansible | PLAY [Deploy NFS server] ********************************************************************
2021-08-05 08:45:06,456 p=17602 u=ubuntu n=ansible | [WARNING]: Unable to find 'pre-task' in expected paths (use -vvvvv to see paths)

2021-08-05 08:45:06,505 p=17598 u=ubuntu n=ansible | TASK [nfs_server/build : NFS install package] ***********************************************
2021-08-05 08:45:06,508 p=17598 u=ubuntu n=ansible | fatal: [micado]: FAILED! => 
  msg: |-
    The conditional check 'ansible_distribution == "Ubuntu"' failed. The error was: error while evaluating conditional (ansible_distribution == "Ubuntu"): 'ansible_distribution' is undefined
  
    The error appears to be in '/home/ubuntu/ansible-nfs/roles/nfs_server/build/tasks/main.yml': line 2, column 3, but may
    be elsewhere in the file depending on the exact syntax problem.
  
    The offending line appears to be:
  
    ---
    - name: 'NFS install package'
      ^ here
2021-08-05 08:45:06,509 p=17598 u=ubuntu n=ansible | PLAY RECAP **********************************************************************************
2021-08-05 08:45:06,510 p=17598 u=ubuntu n=ansible | micado                     : ok=0    changed=0    unreachable=0    failed=1    skipped=1    rescued=0    ignored=0   
2021-08-05 08:45:06,510 p=17598 u=ubuntu n=ansible | Playbook run took 0 days, 0 hours, 0 minutes, 0 seconds
2021-08-05 08:46:00,258 p=17608 u=ubuntu n=ansible | PLAY [Deploy NFS server] ********************************************************************
2021-08-05 08:46:00,320 p=17608 u=ubuntu n=ansible | TASK [nfs_server/build : NFS install package] ***********************************************
2021-08-05 08:46:00,323 p=17608 u=ubuntu n=ansible | fatal: [micado]: FAILED! => 
  msg: |-
    The conditional check 'ansible_distribution == "Ubuntu"' failed. The error was: error while evaluating conditional (ansible_distribution == "Ubuntu"): 'ansible_distribution' is undefined
  
    The error appears to be in '/home/ubuntu/ansible-nfs/roles/nfs_server/build/tasks/main.yml': line 2, column 3, but may
    be elsewhere in the file depending on the exact syntax problem.
  
    The offending line appears to be:
  
    ---
    - name: 'NFS install package'
      ^ here
2021-08-05 08:46:00,325 p=17608 u=ubuntu n=ansible | PLAY RECAP **********************************************************************************
2021-08-05 08:46:00,325 p=17608 u=ubuntu n=ansible | micado                     : ok=0    changed=0    unreachable=0    failed=1    skipped=0    rescued=0    ignored=0   
2021-08-05 08:46:00,325 p=17608 u=ubuntu n=ansible | Playbook run took 0 days, 0 hours, 0 minutes, 0 seconds
2021-08-05 08:46:03,378 p=17615 u=ubuntu n=ansible | PLAY [Deploy NFS server] ********************************************************************
2021-08-05 08:46:03,438 p=17615 u=ubuntu n=ansible | TASK [nfs_server/build : NFS install package] ***********************************************
2021-08-05 08:46:03,442 p=17615 u=ubuntu n=ansible | fatal: [micado]: FAILED! => 
  msg: |-
    The conditional check 'ansible_distribution == "Ubuntu"' failed. The error was: error while evaluating conditional (ansible_distribution == "Ubuntu"): 'ansible_distribution' is undefined
  
    The error appears to be in '/home/ubuntu/ansible-nfs/roles/nfs_server/build/tasks/main.yml': line 2, column 3, but may
    be elsewhere in the file depending on the exact syntax problem.
  
    The offending line appears to be:
  
    ---
    - name: 'NFS install package'
      ^ here
2021-08-05 08:46:03,444 p=17615 u=ubuntu n=ansible | PLAY RECAP **********************************************************************************
2021-08-05 08:46:03,444 p=17615 u=ubuntu n=ansible | micado                     : ok=0    changed=0    unreachable=0    failed=1    skipped=0    rescued=0    ignored=0   
2021-08-05 08:46:03,445 p=17615 u=ubuntu n=ansible | Playbook run took 0 days, 0 hours, 0 minutes, 0 seconds
2021-08-05 08:48:23,677 p=17694 u=ubuntu n=ansible | PLAY [Deploy NFS server] ********************************************************************
2021-08-05 08:48:23,742 p=17694 u=ubuntu n=ansible | TASK [nfs_server/build : NFS install package] ***********************************************
2021-08-05 08:48:23,746 p=17694 u=ubuntu n=ansible | fatal: [micado]: FAILED! => 
  msg: |-
    The conditional check 'ansible_distribution == "Ubuntu"' failed. The error was: error while evaluating conditional (ansible_distribution == "Ubuntu"): 'ansible_distribution' is undefined
  
    The error appears to be in '/home/ubuntu/ansible-nfs/roles/nfs_server/build/tasks/main.yml': line 2, column 3, but may
    be elsewhere in the file depending on the exact syntax problem.
  
    The offending line appears to be:
  
    ---
    - name: 'NFS install package'
      ^ here
2021-08-05 08:48:23,748 p=17694 u=ubuntu n=ansible | PLAY RECAP **********************************************************************************
2021-08-05 08:48:23,748 p=17694 u=ubuntu n=ansible | micado                     : ok=0    changed=0    unreachable=0    failed=1    skipped=0    rescued=0    ignored=0   
2021-08-05 08:48:23,749 p=17694 u=ubuntu n=ansible | Playbook run took 0 days, 0 hours, 0 minutes, 0 seconds
2021-08-05 08:48:28,762 p=17701 u=ubuntu n=ansible | Using /home/ubuntu/ansible-nfs/ansible.cfg as config file
2021-08-05 08:48:29,013 p=17701 u=ubuntu n=ansible | PLAY [Deploy NFS server] ********************************************************************
2021-08-05 08:48:29,072 p=17701 u=ubuntu n=ansible | TASK [nfs_server/build : NFS install package] ***********************************************
2021-08-05 08:48:29,074 p=17701 u=ubuntu n=ansible | fatal: [micado]: FAILED! => 
  msg: |-
    The conditional check 'ansible_distribution == "Ubuntu"' failed. The error was: error while evaluating conditional (ansible_distribution == "Ubuntu"): 'ansible_distribution' is undefined
  
    The error appears to be in '/home/ubuntu/ansible-nfs/roles/nfs_server/build/tasks/main.yml': line 2, column 3, but may
    be elsewhere in the file depending on the exact syntax problem.
  
    The offending line appears to be:
  
    ---
    - name: 'NFS install package'
      ^ here
2021-08-05 08:48:29,075 p=17701 u=ubuntu n=ansible | PLAY RECAP **********************************************************************************
2021-08-05 08:48:29,076 p=17701 u=ubuntu n=ansible | micado                     : ok=0    changed=0    unreachable=0    failed=1    skipped=0    rescued=0    ignored=0   
2021-08-05 08:48:29,076 p=17701 u=ubuntu n=ansible | Playbook run took 0 days, 0 hours, 0 minutes, 0 seconds
2021-08-05 08:51:58,528 p=17726 u=ubuntu n=ansible | Using /home/ubuntu/ansible-nfs/ansible.cfg as config file
2021-08-05 08:51:58,782 p=17726 u=ubuntu n=ansible | PLAY [Deploy NFS server] ********************************************************************
2021-08-05 08:51:58,842 p=17726 u=ubuntu n=ansible | TASK [nfs_server/build : NFS install package] ***********************************************
2021-08-05 08:51:58,845 p=17726 u=ubuntu n=ansible | fatal: [micado]: FAILED! => 
  msg: |-
    The conditional check 'ansible_distribution == "Ubuntu"' failed. The error was: error while evaluating conditional (ansible_distribution == "Ubuntu"): 'ansible_distribution' is undefined
  
    The error appears to be in '/home/ubuntu/ansible-nfs/roles/nfs_server/build/tasks/main.yml': line 2, column 3, but may
    be elsewhere in the file depending on the exact syntax problem.
  
    The offending line appears to be:
  
    ---
    - name: 'NFS install package'
      ^ here
2021-08-05 08:51:58,847 p=17726 u=ubuntu n=ansible | PLAY RECAP **********************************************************************************
2021-08-05 08:51:58,847 p=17726 u=ubuntu n=ansible | micado                     : ok=0    changed=0    unreachable=0    failed=1    skipped=0    rescued=0    ignored=0   
2021-08-05 08:51:58,847 p=17726 u=ubuntu n=ansible | Playbook run took 0 days, 0 hours, 0 minutes, 0 seconds
2021-08-05 08:52:43,033 p=17734 u=ubuntu n=ansible | Using /home/ubuntu/ansible-nfs/ansible.cfg as config file
2021-08-05 08:52:43,284 p=17734 u=ubuntu n=ansible | PLAY [Deploy NFS server] ********************************************************************
2021-08-05 08:52:44,560 p=17734 u=ubuntu n=ansible | TASK [Gathering Facts] **********************************************************************
2021-08-05 08:52:44,561 p=17734 u=ubuntu n=ansible | ok: [micado]
2021-08-05 08:52:57,423 p=17734 u=ubuntu n=ansible | TASK [nfs_server/build : NFS install package] ***********************************************
2021-08-05 08:52:57,432 p=17734 u=ubuntu n=ansible | changed: [micado] => changed=true 
  cache_update_time: 1628148418
  cache_updated: false
  stderr: ''
  stderr_lines: <omitted>
  stdout: |-
    Reading package lists...
    Building dependency tree...
    Reading state information...
    The following additional packages will be installed:
      keyutils libnfsidmap2 libtirpc-common libtirpc3 nfs-common rpcbind
    Suggested packages:
      watchdog
    The following NEW packages will be installed:
      keyutils libnfsidmap2 libtirpc-common libtirpc3 nfs-common nfs-kernel-server
      rpcbind
    0 upgraded, 7 newly installed, 0 to remove and 87 not upgraded.
    Need to get 503 kB of archives.
    After this operation, 1936 kB of additional disk space will be used.
    Get:1 http://clipstone-7-tera.clouds.archive.ubuntu.com/ubuntu focal/main amd64 libtirpc-common all 1.2.5-1 [7632 B]
    Get:2 http://clipstone-7-tera.clouds.archive.ubuntu.com/ubuntu focal/main amd64 libtirpc3 amd64 1.2.5-1 [77.2 kB]
    Get:3 http://clipstone-7-tera.clouds.archive.ubuntu.com/ubuntu focal/main amd64 rpcbind amd64 1.2.5-8 [42.8 kB]
    Get:4 http://clipstone-7-tera.clouds.archive.ubuntu.com/ubuntu focal/main amd64 keyutils amd64 1.6-6ubuntu1 [45.0 kB]
    Get:5 http://clipstone-7-tera.clouds.archive.ubuntu.com/ubuntu focal/main amd64 libnfsidmap2 amd64 0.25-5.1ubuntu1 [27.9 kB]
    Get:6 http://clipstone-7-tera.clouds.archive.ubuntu.com/ubuntu focal-updates/main amd64 nfs-common amd64 1:1.3.4-2.5ubuntu3.4 [204 kB]
    Get:7 http://clipstone-7-tera.clouds.archive.ubuntu.com/ubuntu focal-updates/main amd64 nfs-kernel-server amd64 1:1.3.4-2.5ubuntu3.4 [98.9 kB]
    Fetched 503 kB in 0s (5224 kB/s)
    Selecting previously unselected package libtirpc-common.
    (Reading database ... (Reading database ... 5%(Reading database ... 10%(Reading database ... 15%(Reading database ... 20%(Reading database ... 25%(Reading database ... 30%(Reading database ... 35%(Reading database ... 40%(Reading database ... 45%(Reading database ... 50%(Reading database ... 55%(Reading database ... 60%(Reading database ... 65%(Reading database ... 70%(Reading database ... 75%(Reading database ... 80%(Reading database ... 85%(Reading database ... 90%(Reading database ... 95%(Reading database ... 100%(Reading database ... 72974 files and directories currently installed.)
    Preparing to unpack .../0-libtirpc-common_1.2.5-1_all.deb ...
    Unpacking libtirpc-common (1.2.5-1) ...
    Selecting previously unselected package libtirpc3:amd64.
    Preparing to unpack .../1-libtirpc3_1.2.5-1_amd64.deb ...
    Unpacking libtirpc3:amd64 (1.2.5-1) ...
    Selecting previously unselected package rpcbind.
    Preparing to unpack .../2-rpcbind_1.2.5-8_amd64.deb ...
    Unpacking rpcbind (1.2.5-8) ...
    Selecting previously unselected package keyutils.
    Preparing to unpack .../3-keyutils_1.6-6ubuntu1_amd64.deb ...
    Unpacking keyutils (1.6-6ubuntu1) ...
    Selecting previously unselected package libnfsidmap2:amd64.
    Preparing to unpack .../4-libnfsidmap2_0.25-5.1ubuntu1_amd64.deb ...
    Unpacking libnfsidmap2:amd64 (0.25-5.1ubuntu1) ...
    Selecting previously unselected package nfs-common.
    Preparing to unpack .../5-nfs-common_1%3a1.3.4-2.5ubuntu3.4_amd64.deb ...
    Unpacking nfs-common (1:1.3.4-2.5ubuntu3.4) ...
    Selecting previously unselected package nfs-kernel-server.
    Preparing to unpack .../6-nfs-kernel-server_1%3a1.3.4-2.5ubuntu3.4_amd64.deb ...
    Unpacking nfs-kernel-server (1:1.3.4-2.5ubuntu3.4) ...
    Setting up libtirpc-common (1.2.5-1) ...
    Setting up keyutils (1.6-6ubuntu1) ...
    Setting up libnfsidmap2:amd64 (0.25-5.1ubuntu1) ...
    Setting up libtirpc3:amd64 (1.2.5-1) ...
    Setting up rpcbind (1.2.5-8) ...
    Created symlink /etc/systemd/system/multi-user.target.wants/rpcbind.service -> /lib/systemd/system/rpcbind.service.
    Created symlink /etc/systemd/system/sockets.target.wants/rpcbind.socket -> /lib/systemd/system/rpcbind.socket.
    Setting up nfs-common (1:1.3.4-2.5ubuntu3.4) ...
  
    Creating config file /etc/idmapd.conf with new version
    Adding system user `statd' (UID 113) ...
    Adding new user `statd' (UID 113) with group `nogroup' ...
    Not creating home directory `/var/lib/nfs'.
    Created symlink /etc/systemd/system/multi-user.target.wants/nfs-client.target -> /lib/systemd/system/nfs-client.target.
    Created symlink /etc/systemd/system/remote-fs.target.wants/nfs-client.target -> /lib/systemd/system/nfs-client.target.
    nfs-utils.service is a disabled or a static unit, not starting it.
    Setting up nfs-kernel-server (1:1.3.4-2.5ubuntu3.4) ...
    Created symlink /etc/systemd/system/multi-user.target.wants/nfs-server.service -> /lib/systemd/system/nfs-server.service.
    Job for nfs-server.service canceled.
  
    Creating config file /etc/exports with new version
  
    Creating config file /etc/default/nfs-kernel-server with new version
    Processing triggers for systemd (245.4-4ubuntu3.6) ...
    Processing triggers for man-db (2.9.1-1) ...
    Processing triggers for libc-bin (2.31-0ubuntu9.2) ...
  stdout_lines: <omitted>
2021-08-05 08:52:57,434 p=17734 u=ubuntu n=ansible | PLAY RECAP **********************************************************************************
2021-08-05 08:52:57,434 p=17734 u=ubuntu n=ansible | micado                     : ok=2    changed=1    unreachable=0    failed=0    skipped=0    rescued=0    ignored=0   
2021-08-05 08:52:57,434 p=17734 u=ubuntu n=ansible | Playbook run took 0 days, 0 hours, 0 minutes, 14 seconds
2021-08-05 08:54:03,614 p=19239 u=ubuntu n=ansible | PLAY [Deploy NFS server] ********************************************************************
2021-08-05 08:54:04,810 p=19239 u=ubuntu n=ansible | TASK [Gathering Facts] **********************************************************************
2021-08-05 08:54:04,811 p=19239 u=ubuntu n=ansible | ok: [micado]
2021-08-05 08:54:05,722 p=19239 u=ubuntu n=ansible | TASK [nfs_server/build : NFS install package] ***********************************************
2021-08-05 08:54:05,722 p=19239 u=ubuntu n=ansible | ok: [micado]
2021-08-05 08:54:05,725 p=19239 u=ubuntu n=ansible | PLAY RECAP **********************************************************************************
2021-08-05 08:54:05,725 p=19239 u=ubuntu n=ansible | micado                     : ok=2    changed=0    unreachable=0    failed=0    skipped=0    rescued=0    ignored=0   
2021-08-05 08:54:05,726 p=19239 u=ubuntu n=ansible | Playbook run took 0 days, 0 hours, 0 minutes, 2 seconds
2021-08-05 08:55:22,937 p=19334 u=ubuntu n=ansible | PLAY [Deploy NFS server] ********************************************************************
2021-08-05 08:55:24,079 p=19334 u=ubuntu n=ansible | TASK [Gathering Facts] **********************************************************************
2021-08-05 08:55:24,080 p=19334 u=ubuntu n=ansible | ok: [micado]
2021-08-05 08:55:24,992 p=19334 u=ubuntu n=ansible | TASK [nfs_server/build : NFS install package] ***********************************************
2021-08-05 08:55:24,993 p=19334 u=ubuntu n=ansible | ok: [micado]
2021-08-05 08:55:24,996 p=19334 u=ubuntu n=ansible | PLAY RECAP **********************************************************************************
2021-08-05 08:55:24,996 p=19334 u=ubuntu n=ansible | micado                     : ok=2    changed=0    unreachable=0    failed=0    skipped=0    rescued=0    ignored=0   
2021-08-05 08:55:24,996 p=19334 u=ubuntu n=ansible | Playbook run took 0 days, 0 hours, 0 minutes, 2 seconds
2021-08-05 08:55:29,942 p=19415 u=ubuntu n=ansible | PLAY [Deploy NFS server] ********************************************************************
2021-08-05 08:55:31,109 p=19415 u=ubuntu n=ansible | TASK [Gathering Facts] **********************************************************************
2021-08-05 08:55:31,110 p=19415 u=ubuntu n=ansible | ok: [micado]
2021-08-05 08:55:31,114 p=19415 u=ubuntu n=ansible | PLAY RECAP **********************************************************************************
2021-08-05 08:55:31,114 p=19415 u=ubuntu n=ansible | micado                     : ok=1    changed=0    unreachable=0    failed=0    skipped=0    rescued=0    ignored=0   
2021-08-05 08:55:31,115 p=19415 u=ubuntu n=ansible | Playbook run took 0 days, 0 hours, 0 minutes, 1 seconds
2021-08-05 08:57:12,828 p=19538 u=ubuntu n=ansible | PLAY [Deploy NFS server] ********************************************************************
2021-08-05 08:57:13,954 p=19538 u=ubuntu n=ansible | TASK [Gathering Facts] **********************************************************************
2021-08-05 08:57:13,955 p=19538 u=ubuntu n=ansible | ok: [micado]
2021-08-05 08:57:14,885 p=19538 u=ubuntu n=ansible | TASK [nfs_server/build : NFS install package] ***********************************************
2021-08-05 08:57:14,885 p=19538 u=ubuntu n=ansible | ok: [micado]
2021-08-05 08:57:14,888 p=19538 u=ubuntu n=ansible | PLAY RECAP **********************************************************************************
2021-08-05 08:57:14,888 p=19538 u=ubuntu n=ansible | micado                     : ok=2    changed=0    unreachable=0    failed=0    skipped=0    rescued=0    ignored=0   
2021-08-05 08:57:14,889 p=19538 u=ubuntu n=ansible | Playbook run took 0 days, 0 hours, 0 minutes, 2 seconds
2021-08-05 08:59:22,867 p=19650 u=ubuntu n=ansible | PLAY [Deploy NFS server] ********************************************************************
2021-08-05 08:59:24,035 p=19650 u=ubuntu n=ansible | TASK [Gathering Facts] **********************************************************************
2021-08-05 08:59:24,036 p=19650 u=ubuntu n=ansible | ok: [nfs_server]
2021-08-05 08:59:24,941 p=19650 u=ubuntu n=ansible | TASK [nfs_server/build : NFS install package] ***********************************************
2021-08-05 08:59:24,941 p=19650 u=ubuntu n=ansible | ok: [nfs_server]
2021-08-05 08:59:24,944 p=19650 u=ubuntu n=ansible | PLAY RECAP **********************************************************************************
2021-08-05 08:59:24,944 p=19650 u=ubuntu n=ansible | nfs_server                 : ok=2    changed=0    unreachable=0    failed=0    skipped=0    rescued=0    ignored=0   
2021-08-05 08:59:24,944 p=19650 u=ubuntu n=ansible | Playbook run took 0 days, 0 hours, 0 minutes, 2 seconds
2021-08-05 09:09:57,686 p=19791 u=ubuntu n=ansible | PLAY [Deploy NFS server] ********************************************************************
2021-08-05 09:09:58,885 p=19791 u=ubuntu n=ansible | TASK [Gathering Facts] **********************************************************************
2021-08-05 09:09:58,886 p=19791 u=ubuntu n=ansible | ok: [nfs_server]
2021-08-05 09:09:59,810 p=19791 u=ubuntu n=ansible | TASK [nfs_server/build : NFS install package] ***********************************************
2021-08-05 09:09:59,811 p=19791 u=ubuntu n=ansible | ok: [nfs_server]
2021-08-05 09:10:00,095 p=19791 u=ubuntu n=ansible | TASK [nfs_server/build : NFS create directory] **********************************************
2021-08-05 09:10:00,096 p=19791 u=ubuntu n=ansible | changed: [nfs_server]
2021-08-05 09:10:00,099 p=19791 u=ubuntu n=ansible | PLAY RECAP **********************************************************************************
2021-08-05 09:10:00,099 p=19791 u=ubuntu n=ansible | nfs_server                 : ok=3    changed=1    unreachable=0    failed=0    skipped=0    rescued=0    ignored=0   
2021-08-05 09:10:00,100 p=19791 u=ubuntu n=ansible | Playbook run took 0 days, 0 hours, 0 minutes, 2 seconds
2021-08-05 09:15:34,543 p=19933 u=ubuntu n=ansible | ERROR! Syntax Error while loading YAML.
  did not find expected key

The error appears to be in '/home/ubuntu/ansible-nfs/roles/nfs_server/build/tasks/main.yml': line 13, column 5, but may
be elsewhere in the file depending on the exact syntax problem.

The offending line appears to be:

- name: 'NFS directory permissions'
    command: chown nobody:nogroup /srv/nfs4/share
    ^ here

2021-08-05 09:16:24,966 p=19937 u=ubuntu n=ansible | ERROR! Syntax Error while loading YAML.
  mapping values are not allowed in this context

The error appears to be in '/home/ubuntu/ansible-nfs/roles/nfs_server/build/tasks/main.yml': line 14, column 11, but may
be elsewhere in the file depending on the exact syntax problem.

The offending line appears to be:

  command: chown nobody:nogroup /srv/nfs4/share
    become: true
          ^ here

2021-08-05 09:16:42,659 p=19942 u=ubuntu n=ansible | PLAY [Deploy NFS server] ********************************************************************
2021-08-05 09:16:43,773 p=19942 u=ubuntu n=ansible | TASK [Gathering Facts] **********************************************************************
2021-08-05 09:16:43,775 p=19942 u=ubuntu n=ansible | ok: [nfs_server]
2021-08-05 09:16:44,704 p=19942 u=ubuntu n=ansible | TASK [nfs_server/build : NFS install package] ***********************************************
2021-08-05 09:16:44,704 p=19942 u=ubuntu n=ansible | ok: [nfs_server]
2021-08-05 09:16:44,983 p=19942 u=ubuntu n=ansible | TASK [nfs_server/build : NFS create directory] **********************************************
2021-08-05 09:16:44,984 p=19942 u=ubuntu n=ansible | ok: [nfs_server]
2021-08-05 09:16:45,251 p=19942 u=ubuntu n=ansible | TASK [nfs_server/build : NFS directory permissions] *****************************************
2021-08-05 09:16:45,252 p=19942 u=ubuntu n=ansible | [WARNING]: Consider using the file module with owner rather than running 'chown'.  If you
need to use command because file is insufficient you can add 'warn: false' to this command
task or set 'command_warnings=False' in ansible.cfg to get rid of this message.

2021-08-05 09:16:45,252 p=19942 u=ubuntu n=ansible | changed: [nfs_server]
2021-08-05 09:16:45,254 p=19942 u=ubuntu n=ansible | PLAY RECAP **********************************************************************************
2021-08-05 09:16:45,254 p=19942 u=ubuntu n=ansible | nfs_server                 : ok=4    changed=1    unreachable=0    failed=0    skipped=0    rescued=0    ignored=0   
2021-08-05 09:16:45,254 p=19942 u=ubuntu n=ansible | Playbook run took 0 days, 0 hours, 0 minutes, 2 seconds
2021-08-05 09:18:11,682 p=20046 u=ubuntu n=ansible | PLAY [Deploy NFS server] ********************************************************************
2021-08-05 09:18:12,823 p=20046 u=ubuntu n=ansible | TASK [Gathering Facts] **********************************************************************
2021-08-05 09:18:12,824 p=20046 u=ubuntu n=ansible | ok: [nfs_server]
2021-08-05 09:18:13,742 p=20046 u=ubuntu n=ansible | TASK [nfs_server/build : NFS install package] ***********************************************
2021-08-05 09:18:13,742 p=20046 u=ubuntu n=ansible | ok: [nfs_server]
2021-08-05 09:18:14,036 p=20046 u=ubuntu n=ansible | TASK [nfs_server/build : NFS create directory] **********************************************
2021-08-05 09:18:14,038 p=20046 u=ubuntu n=ansible | fatal: [nfs_server]: FAILED! => changed=false 
  gid: 65534
  group: nogroup
  mode: '0755'
  msg: 'chown failed: failed to look up user nobady'
  owner: nobody
  path: /srv/nfs4/share
  size: 4096
  state: directory
  uid: 65534
2021-08-05 09:18:14,040 p=20046 u=ubuntu n=ansible | PLAY RECAP **********************************************************************************
2021-08-05 09:18:14,041 p=20046 u=ubuntu n=ansible | nfs_server                 : ok=2    changed=0    unreachable=0    failed=1    skipped=0    rescued=0    ignored=0   
2021-08-05 09:18:14,041 p=20046 u=ubuntu n=ansible | Playbook run took 0 days, 0 hours, 0 minutes, 2 seconds
2021-08-05 09:18:38,185 p=20136 u=ubuntu n=ansible | PLAY [Deploy NFS server] ********************************************************************
2021-08-05 09:18:39,350 p=20136 u=ubuntu n=ansible | TASK [Gathering Facts] **********************************************************************
2021-08-05 09:18:39,350 p=20136 u=ubuntu n=ansible | ok: [nfs_server]
2021-08-05 09:18:40,281 p=20136 u=ubuntu n=ansible | TASK [nfs_server/build : NFS install package] ***********************************************
2021-08-05 09:18:40,282 p=20136 u=ubuntu n=ansible | ok: [nfs_server]
2021-08-05 09:18:40,566 p=20136 u=ubuntu n=ansible | TASK [nfs_server/build : NFS create directory] **********************************************
2021-08-05 09:18:40,567 p=20136 u=ubuntu n=ansible | ok: [nfs_server]
2021-08-05 09:18:40,570 p=20136 u=ubuntu n=ansible | PLAY RECAP **********************************************************************************
2021-08-05 09:18:40,570 p=20136 u=ubuntu n=ansible | nfs_server                 : ok=3    changed=0    unreachable=0    failed=0    skipped=0    rescued=0    ignored=0   
2021-08-05 09:18:40,570 p=20136 u=ubuntu n=ansible | Playbook run took 0 days, 0 hours, 0 minutes, 2 seconds
2021-08-05 10:12:32,315 p=20495 u=ubuntu n=ansible | [WARNING]: Could not match supplied host pattern, ignoring: nfs.

2021-08-05 10:12:32,315 p=20495 u=ubuntu n=ansible | [WARNING]: No hosts matched, nothing to do

2021-08-05 10:12:32,318 p=20495 u=ubuntu n=ansible | ERROR! No argument passed to command module
2021-08-05 10:12:35,367 p=20499 u=ubuntu n=ansible | [WARNING]: Could not match supplied host pattern, ignoring: nfs.yml

2021-08-05 10:12:35,367 p=20499 u=ubuntu n=ansible | [WARNING]: No hosts matched, nothing to do

2021-08-05 10:12:35,370 p=20499 u=ubuntu n=ansible | ERROR! No argument passed to command module (did you mean to run ansible-playbook?)
2021-08-05 10:12:49,694 p=20501 u=ubuntu n=ansible | ERROR! the playbook: micado-master.yml could not be found
2021-08-05 10:12:56,557 p=20503 u=ubuntu n=ansible | PLAY [Deploy NFS server] ********************************************************************
2021-08-05 10:12:57,695 p=20503 u=ubuntu n=ansible | TASK [Gathering Facts] **********************************************************************
2021-08-05 10:12:57,697 p=20503 u=ubuntu n=ansible | ok: [nfs_server]
2021-08-05 10:12:58,612 p=20503 u=ubuntu n=ansible | TASK [nfs_server/build : NFS install package] ***********************************************
2021-08-05 10:12:58,612 p=20503 u=ubuntu n=ansible | ok: [nfs_server]
2021-08-05 10:12:58,888 p=20503 u=ubuntu n=ansible | TASK [nfs_server/build : NFS create directory] **********************************************
2021-08-05 10:12:58,889 p=20503 u=ubuntu n=ansible | changed: [nfs_server]
2021-08-05 10:12:58,892 p=20503 u=ubuntu n=ansible | PLAY RECAP **********************************************************************************
2021-08-05 10:12:58,892 p=20503 u=ubuntu n=ansible | nfs_server                 : ok=3    changed=1    unreachable=0    failed=0    skipped=0    rescued=0    ignored=0   
2021-08-05 10:12:58,893 p=20503 u=ubuntu n=ansible | Playbook run took 0 days, 0 hours, 0 minutes, 2 seconds
2021-08-05 10:16:17,424 p=20599 u=ubuntu n=ansible | PLAY [Deploy NFS server] ********************************************************************
2021-08-05 10:16:18,565 p=20599 u=ubuntu n=ansible | TASK [Gathering Facts] **********************************************************************
2021-08-05 10:16:18,567 p=20599 u=ubuntu n=ansible | ok: [nfs_server]
2021-08-05 10:16:19,516 p=20599 u=ubuntu n=ansible | TASK [nfs_server/build : NFS install package] ***********************************************
2021-08-05 10:16:19,516 p=20599 u=ubuntu n=ansible | ok: [nfs_server]
2021-08-05 10:16:19,813 p=20599 u=ubuntu n=ansible | TASK [nfs_server/build : NFS create directory] **********************************************
2021-08-05 10:16:19,814 p=20599 u=ubuntu n=ansible | changed: [nfs_server]
2021-08-05 10:16:19,817 p=20599 u=ubuntu n=ansible | PLAY RECAP **********************************************************************************
2021-08-05 10:16:19,817 p=20599 u=ubuntu n=ansible | nfs_server                 : ok=3    changed=1    unreachable=0    failed=0    skipped=0    rescued=0    ignored=0   
2021-08-05 10:16:19,818 p=20599 u=ubuntu n=ansible | Playbook run took 0 days, 0 hours, 0 minutes, 2 seconds
2021-08-05 10:21:48,002 p=20721 u=ubuntu n=ansible | PLAY [Deploy NFS server] ********************************************************************
2021-08-05 10:21:49,167 p=20721 u=ubuntu n=ansible | TASK [Gathering Facts] **********************************************************************
2021-08-05 10:21:49,168 p=20721 u=ubuntu n=ansible | ok: [nfs_server]
2021-08-05 10:21:50,249 p=20721 u=ubuntu n=ansible | TASK [nfs_server/build : NFS install package] ***********************************************
2021-08-05 10:21:50,249 p=20721 u=ubuntu n=ansible | ok: [nfs_server]
2021-08-05 10:21:50,550 p=20721 u=ubuntu n=ansible | TASK [nfs_server/build : NFS create directory] **********************************************
2021-08-05 10:21:50,550 p=20721 u=ubuntu n=ansible | ok: [nfs_server]
2021-08-05 10:21:50,837 p=20721 u=ubuntu n=ansible | TASK [nfs_server/build : NFS exports] *******************************************************
2021-08-05 10:21:50,840 p=20721 u=ubuntu n=ansible | fatal: [nfs_server]: FAILED! => changed=false 
  msg: 'Unsupported parameters for (lineinfile) module: insertbefor Supported parameters include: attributes, backrefs, backup, content, create, delimiter, directory_mode, firstmatch, follow, force, group, insertafter, insertbefore, line, mode, owner, path, regexp, remote_src, selevel, serole, setype, seuser, src, state, unsafe_writes, validate'
2021-08-05 10:21:50,842 p=20721 u=ubuntu n=ansible | PLAY RECAP **********************************************************************************
2021-08-05 10:21:50,842 p=20721 u=ubuntu n=ansible | nfs_server                 : ok=3    changed=0    unreachable=0    failed=1    skipped=0    rescued=0    ignored=0   
2021-08-05 10:21:50,842 p=20721 u=ubuntu n=ansible | Playbook run took 0 days, 0 hours, 0 minutes, 2 seconds
2021-08-05 10:23:03,296 p=20822 u=ubuntu n=ansible | PLAY [Deploy NFS server] ********************************************************************
2021-08-05 10:23:04,444 p=20822 u=ubuntu n=ansible | TASK [Gathering Facts] **********************************************************************
2021-08-05 10:23:04,446 p=20822 u=ubuntu n=ansible | ok: [nfs_server]
2021-08-05 10:23:05,395 p=20822 u=ubuntu n=ansible | TASK [nfs_server/build : NFS install package] ***********************************************
2021-08-05 10:23:05,396 p=20822 u=ubuntu n=ansible | ok: [nfs_server]
2021-08-05 10:23:05,686 p=20822 u=ubuntu n=ansible | TASK [nfs_server/build : NFS create directory] **********************************************
2021-08-05 10:23:05,687 p=20822 u=ubuntu n=ansible | ok: [nfs_server]
2021-08-05 10:23:05,958 p=20822 u=ubuntu n=ansible | TASK [nfs_server/build : NFS exports] *******************************************************
2021-08-05 10:23:05,958 p=20822 u=ubuntu n=ansible | changed: [nfs_server]
2021-08-05 10:23:05,961 p=20822 u=ubuntu n=ansible | PLAY RECAP **********************************************************************************
2021-08-05 10:23:05,962 p=20822 u=ubuntu n=ansible | nfs_server                 : ok=4    changed=1    unreachable=0    failed=0    skipped=0    rescued=0    ignored=0   
2021-08-05 10:23:05,962 p=20822 u=ubuntu n=ansible | Playbook run took 0 days, 0 hours, 0 minutes, 2 seconds
2021-08-05 10:25:16,695 p=20950 u=ubuntu n=ansible | PLAY [Deploy NFS server] ********************************************************************
2021-08-05 10:25:17,868 p=20950 u=ubuntu n=ansible | TASK [Gathering Facts] **********************************************************************
2021-08-05 10:25:17,869 p=20950 u=ubuntu n=ansible | ok: [nfs_server]
2021-08-05 10:25:18,810 p=20950 u=ubuntu n=ansible | TASK [nfs_server/build : NFS install package] ***********************************************
2021-08-05 10:25:18,810 p=20950 u=ubuntu n=ansible | ok: [nfs_server]
2021-08-05 10:25:19,098 p=20950 u=ubuntu n=ansible | TASK [nfs_server/build : NFS create directory] **********************************************
2021-08-05 10:25:19,099 p=20950 u=ubuntu n=ansible | ok: [nfs_server]
2021-08-05 10:25:19,365 p=20950 u=ubuntu n=ansible | TASK [nfs_server/build : NFS exports] *******************************************************
2021-08-05 10:25:19,365 p=20950 u=ubuntu n=ansible | changed: [nfs_server]
2021-08-05 10:25:19,367 p=20950 u=ubuntu n=ansible | PLAY RECAP **********************************************************************************
2021-08-05 10:25:19,367 p=20950 u=ubuntu n=ansible | nfs_server                 : ok=4    changed=1    unreachable=0    failed=0    skipped=0    rescued=0    ignored=0   
2021-08-05 10:25:19,368 p=20950 u=ubuntu n=ansible | Playbook run took 0 days, 0 hours, 0 minutes, 2 seconds
2021-08-05 10:26:00,879 p=21063 u=ubuntu n=ansible | [WARNING]: While constructing a mapping from /home/ubuntu/ansible-
nfs/roles/nfs_server/build/tasks/main.yml, line 17, column 5, found a duplicate dict key
(line). Using last defined value only.

2021-08-05 10:26:00,974 p=21063 u=ubuntu n=ansible | PLAY [Deploy NFS server] ********************************************************************
2021-08-05 10:26:02,182 p=21063 u=ubuntu n=ansible | TASK [Gathering Facts] **********************************************************************
2021-08-05 10:26:02,183 p=21063 u=ubuntu n=ansible | ok: [nfs_server]
2021-08-05 10:26:03,097 p=21063 u=ubuntu n=ansible | TASK [nfs_server/build : NFS install package] ***********************************************
2021-08-05 10:26:03,097 p=21063 u=ubuntu n=ansible | ok: [nfs_server]
2021-08-05 10:26:03,399 p=21063 u=ubuntu n=ansible | TASK [nfs_server/build : NFS create directory] **********************************************
2021-08-05 10:26:03,400 p=21063 u=ubuntu n=ansible | ok: [nfs_server]
2021-08-05 10:26:03,691 p=21063 u=ubuntu n=ansible | TASK [nfs_server/build : NFS exports] *******************************************************
2021-08-05 10:26:03,691 p=21063 u=ubuntu n=ansible | changed: [nfs_server]
2021-08-05 10:26:03,694 p=21063 u=ubuntu n=ansible | PLAY RECAP **********************************************************************************
2021-08-05 10:26:03,694 p=21063 u=ubuntu n=ansible | nfs_server                 : ok=4    changed=1    unreachable=0    failed=0    skipped=0    rescued=0    ignored=0   
2021-08-05 10:26:03,695 p=21063 u=ubuntu n=ansible | Playbook run took 0 days, 0 hours, 0 minutes, 2 seconds
2021-08-05 10:28:00,740 p=21199 u=ubuntu n=ansible | PLAY [Deploy NFS server] ********************************************************************
2021-08-05 10:28:01,916 p=21199 u=ubuntu n=ansible | TASK [Gathering Facts] **********************************************************************
2021-08-05 10:28:01,918 p=21199 u=ubuntu n=ansible | ok: [nfs_server]
2021-08-05 10:28:03,012 p=21199 u=ubuntu n=ansible | TASK [nfs_server/build : NFS install package] ***********************************************
2021-08-05 10:28:03,012 p=21199 u=ubuntu n=ansible | ok: [nfs_server]
2021-08-05 10:28:03,351 p=21199 u=ubuntu n=ansible | TASK [nfs_server/build : NFS create directory] **********************************************
2021-08-05 10:28:03,351 p=21199 u=ubuntu n=ansible | ok: [nfs_server]
2021-08-05 10:28:03,643 p=21199 u=ubuntu n=ansible | TASK [nfs_server/build : NFS root export] ***************************************************
2021-08-05 10:28:03,643 p=21199 u=ubuntu n=ansible | changed: [nfs_server]
2021-08-05 10:28:03,824 p=21199 u=ubuntu n=ansible | TASK [nfs_server/build : NFS share export] **************************************************
2021-08-05 10:28:03,825 p=21199 u=ubuntu n=ansible | changed: [nfs_server]
2021-08-05 10:28:03,828 p=21199 u=ubuntu n=ansible | PLAY RECAP **********************************************************************************
2021-08-05 10:28:03,828 p=21199 u=ubuntu n=ansible | nfs_server                 : ok=5    changed=2    unreachable=0    failed=0    skipped=0    rescued=0    ignored=0   
2021-08-05 10:28:03,828 p=21199 u=ubuntu n=ansible | Playbook run took 0 days, 0 hours, 0 minutes, 3 seconds
2021-08-05 10:41:48,994 p=21723 u=ubuntu n=ansible | PLAY [Deploy NFS server] ********************************************************************
2021-08-05 10:41:50,170 p=21723 u=ubuntu n=ansible | TASK [Gathering Facts] **********************************************************************
2021-08-05 10:41:50,171 p=21723 u=ubuntu n=ansible | ok: [nfs_server]
2021-08-05 10:41:51,103 p=21723 u=ubuntu n=ansible | TASK [nfs_server/build : NFS install package] ***********************************************
2021-08-05 10:41:51,103 p=21723 u=ubuntu n=ansible | ok: [nfs_server]
2021-08-05 10:41:51,388 p=21723 u=ubuntu n=ansible | TASK [nfs_server/build : NFS create directory] **********************************************
2021-08-05 10:41:51,389 p=21723 u=ubuntu n=ansible | ok: [nfs_server]
2021-08-05 10:41:51,659 p=21723 u=ubuntu n=ansible | TASK [nfs_server/build : NFS add root export] ***********************************************
2021-08-05 10:41:51,660 p=21723 u=ubuntu n=ansible | ok: [nfs_server]
2021-08-05 10:41:51,819 p=21723 u=ubuntu n=ansible | TASK [nfs_server/build : NFS add share export] **********************************************
2021-08-05 10:41:51,819 p=21723 u=ubuntu n=ansible | ok: [nfs_server]
2021-08-05 10:41:52,606 p=21723 u=ubuntu n=ansible | TASK [nfs_server/start : NFS restart service] ***********************************************
2021-08-05 10:41:52,607 p=21723 u=ubuntu n=ansible | ok: [nfs_server]
2021-08-05 10:41:52,873 p=21723 u=ubuntu n=ansible | TASK [nfs_server/start : NFS export share] **************************************************
2021-08-05 10:41:52,873 p=21723 u=ubuntu n=ansible | changed: [nfs_server]
2021-08-05 10:41:52,876 p=21723 u=ubuntu n=ansible | PLAY RECAP **********************************************************************************
2021-08-05 10:41:52,876 p=21723 u=ubuntu n=ansible | nfs_server                 : ok=7    changed=1    unreachable=0    failed=0    skipped=0    rescued=0    ignored=0   
2021-08-05 10:41:52,876 p=21723 u=ubuntu n=ansible | Playbook run took 0 days, 0 hours, 0 minutes, 3 seconds
2021-08-05 10:50:55,276 p=22000 u=ubuntu n=ansible | PLAY [Deploy NFS server] ********************************************************************
2021-08-05 10:50:57,482 p=22000 u=ubuntu n=ansible | TASK [Gathering Facts] **********************************************************************
2021-08-05 10:50:57,483 p=22000 u=ubuntu n=ansible | ok: [nfs_server]
2021-08-05 10:50:58,379 p=22000 u=ubuntu n=ansible | TASK [nfs_server/build : NFS install package] ***********************************************
2021-08-05 10:50:58,379 p=22000 u=ubuntu n=ansible | ok: [nfs_server]
2021-08-05 10:50:58,697 p=22000 u=ubuntu n=ansible | TASK [nfs_server/build : NFS create directory] **********************************************
2021-08-05 10:50:58,698 p=22000 u=ubuntu n=ansible | changed: [nfs_server]
2021-08-05 10:50:58,980 p=22000 u=ubuntu n=ansible | TASK [nfs_server/build : NFS add root export] ***********************************************
2021-08-05 10:50:58,981 p=22000 u=ubuntu n=ansible | changed: [nfs_server]
2021-08-05 10:50:59,176 p=22000 u=ubuntu n=ansible | TASK [nfs_server/build : NFS add share export] **********************************************
2021-08-05 10:50:59,176 p=22000 u=ubuntu n=ansible | changed: [nfs_server]
2021-08-05 10:50:59,965 p=22000 u=ubuntu n=ansible | TASK [nfs_server/start : NFS restart service] ***********************************************
2021-08-05 10:50:59,966 p=22000 u=ubuntu n=ansible | ok: [nfs_server]
2021-08-05 10:51:00,272 p=22000 u=ubuntu n=ansible | TASK [nfs_server/start : NFS export share] **************************************************
2021-08-05 10:51:00,272 p=22000 u=ubuntu n=ansible | changed: [nfs_server]
2021-08-05 10:51:00,276 p=22000 u=ubuntu n=ansible | PLAY RECAP **********************************************************************************
2021-08-05 10:51:00,276 p=22000 u=ubuntu n=ansible | nfs_server                 : ok=7    changed=4    unreachable=0    failed=0    skipped=0    rescued=0    ignored=0   
2021-08-05 10:51:00,277 p=22000 u=ubuntu n=ansible | Playbook run took 0 days, 0 hours, 0 minutes, 5 seconds
